<?xml version="1.0" encoding="UTF-8"?>
<testng-results ignored="0" total="1" passed="1" failed="0" skipped="0">
  <reporter-output>
  </reporter-output>
  <suite started-at="2024-01-24T10:39:34 GMT" name="Default Suite" finished-at="2024-01-24T10:39:34 GMT" duration-ms="85">
    <groups>
    </groups>
    <test started-at="2024-01-24T10:39:34 GMT" name="TestNGDemo_Maven" finished-at="2024-01-24T10:39:34 GMT" duration-ms="85">
      <class name="TestCases">
        <test-method signature="test1()[pri:0, instance:TestCases@255b53dc]" started-at="2024-01-24T10:39:34 GMT" name="test1" finished-at="2024-01-24T10:39:34 GMT" duration-ms="10" status="PASS">
          <reporter-output>
          </reporter-output>
        </test-method> <!-- test1 -->
      </class> <!-- TestCases -->
    </test> <!-- TestNGDemo_Maven -->
  </suite> <!-- Default Suite -->
</testng-results>
